<?xml version="1.0" encoding="UTF-8"?>
<!-- Generated by org.testng.reporters.JUnitReportReporter -->
<testsuite skipped="0" hostname="LAPTOP-PTRHG6NR" name="calender.Selectpresentday" tests="1" failures="0" timestamp="10 Mar 2022 04:49:37 GMT" time="12.938" errors="0">
  <testcase name="selectpresentdayingoibbo" time="12.938" classname="calender.Selectpresentday"/>
</testsuite> <!-- calender.Selectpresentday -->
