<?xml version="1.0" encoding="UTF-8"?>
<!-- Generated by org.testng.reporters.JUnitReportReporter -->
<testsuite skipped="0" hostname="LAPTOP-PTRHG6NR" name="Listners.CreatecontactListners" tests="1" failures="0" timestamp="03 Mar 2022 15:01:48 GMT" time="26.476" errors="0">
  <testcase name="createcontact" time="26.476" classname="Listners.CreatecontactListners"/>
</testsuite> <!-- Listners.CreatecontactListners -->
