<?xml version="1.0" encoding="UTF-8"?>
<!-- Generated by org.testng.reporters.JUnitReportReporter -->
<testsuite skipped="0" hostname="LAPTOP-PTRHG6NR" name="com.crm.PRACTICE.PracticeTestng" tests="3" failures="0" timestamp="28 Feb 2022 08:35:11 GMT" time="0.031" errors="0">
  <testcase name="modifyOrg" time="0.003" classname="com.crm.PRACTICE.PracticeTestng"/>
  <testcase name="deleteOrg" time="0.005" classname="com.crm.PRACTICE.PracticeTestng"/>
  <testcase name="createOrg" time="0.023" classname="com.crm.PRACTICE.PracticeTestng"/>
</testsuite> <!-- com.crm.PRACTICE.PracticeTestng -->
