<?xml version="1.0" encoding="UTF-8"?>
<!-- Generated by org.testng.reporters.JUnitReportReporter -->
<testsuite skipped="0" hostname="LAPTOP-PTRHG6NR" name="com.crm.Contacts.AssignFour" tests="1" failures="0" timestamp="22 Feb 2022 11:03:19 GMT" time="79.266" errors="0">
  <testcase name="assignFour" time="79.266" classname="com.crm.Contacts.AssignFour"/>
</testsuite> <!-- com.crm.Contacts.AssignFour -->
