<?xml version="1.0" encoding="UTF-8"?>
<!-- Generated by org.testng.reporters.JUnitReportReporter -->
<testsuite skipped="0" hostname="LAPTOP-PTRHG6NR" name="com.crm.Dynamicwedelement.ContctLastCheckboxClick" tests="1" failures="0" timestamp="09 Mar 2022 04:30:57 GMT" time="13.411" errors="0">
  <testcase name="lastcontact" time="13.411" classname="com.crm.Dynamicwedelement.ContctLastCheckboxClick"/>
</testsuite> <!-- com.crm.Dynamicwedelement.ContctLastCheckboxClick -->
