<?xml version="1.0" encoding="UTF-8"?>
<!-- Generated by org.testng.reporters.JUnitReportReporter -->
<testsuite skipped="0" hostname="LAPTOP-PTRHG6NR" name="com.crm.PRACTICE.PracticeForGenericUtils" tests="1" failures="0" timestamp="22 Feb 2022 05:20:16 GMT" time="1.154" errors="0">
  <testcase name="practiceGenericUtils" time="1.154" classname="com.crm.PRACTICE.PracticeForGenericUtils"/>
</testsuite> <!-- com.crm.PRACTICE.PracticeForGenericUtils -->
