<?xml version="1.0" encoding="UTF-8"?>
<!-- Generated by org.testng.reporters.JUnitReportReporter -->
<testsuite skipped="0" hostname="LAPTOP-PTRHG6NR" name="com.crm.Campaign.CreateCampaignwithProductNameTest" tests="1" failures="0" timestamp="24 Feb 2022 11:25:40 GMT" time="44.428" errors="0">
  <testcase name="createCampaignwithProductNameTest" time="44.428" classname="com.crm.Campaign.CreateCampaignwithProductNameTest"/>
</testsuite> <!-- com.crm.Campaign.CreateCampaignwithProductNameTest -->
