<?xml version="1.0" encoding="UTF-8"?>
<!-- Generated by org.testng.reporters.JUnitReportReporter -->
<testsuite skipped="0" hostname="LAPTOP-PTRHG6NR" name="calender.selectdateofanymonth" tests="1" failures="0" timestamp="09 Mar 2022 11:12:48 GMT" time="44.697" errors="0">
  <testcase name="selectdate" time="44.697" classname="calender.selectdateofanymonth"/>
</testsuite> <!-- calender.selectdateofanymonth -->
