<?xml version="1.0" encoding="UTF-8"?>
<!-- Generated by org.testng.reporters.JUnitReportReporter -->
<testsuite skipped="0" hostname="LAPTOP-PTRHG6NR" name="com.crm.Organisation.Createorgpom" tests="1" failures="0" timestamp="28 Feb 2022 04:26:05 GMT" time="30.012" errors="0">
  <testcase name="createOrganizationTest" time="30.012" classname="com.crm.Organisation.Createorgpom"/>
</testsuite> <!-- com.crm.Organisation.Createorgpom -->
