<?xml version="1.0" encoding="UTF-8"?>
<!-- Generated by org.testng.reporters.JUnitReportReporter -->
<testsuite skipped="0" hostname="LAPTOP-PTRHG6NR" name="com.crm.PRACTICE.ReadDataFromsuiteXMLfileTest" tests="1" failures="0" timestamp="28 Feb 2022 11:00:42 GMT" time="0.021" errors="0">
  <testcase name="readDataFromXML" time="0.021" classname="com.crm.PRACTICE.ReadDataFromsuiteXMLfileTest"/>
</testsuite> <!-- com.crm.PRACTICE.ReadDataFromsuiteXMLfileTest -->
