<?xml version="1.0" encoding="UTF-8"?>
<!-- Generated by org.testng.reporters.JUnitReportReporter -->
<testsuite skipped="0" hostname="LAPTOP-PTRHG6NR" name="com.crm.PRACTICE.DataProviderPractice2" tests="6" failures="0" timestamp="28 Feb 2022 10:44:02 GMT" time="0.030" errors="0">
  <testcase name="sampleDataProvider" time="0.003" classname="com.crm.PRACTICE.DataProviderPractice2"/>
  <testcase name="sampleDataProvider" time="0.002" classname="com.crm.PRACTICE.DataProviderPractice2"/>
  <testcase name="sampleDataProvider" time="0.002" classname="com.crm.PRACTICE.DataProviderPractice2"/>
  <testcase name="sampleDataProvider" time="0.003" classname="com.crm.PRACTICE.DataProviderPractice2"/>
  <testcase name="sampleDataProvider" time="0.018" classname="com.crm.PRACTICE.DataProviderPractice2"/>
  <testcase name="sampleDataProvider" time="0.002" classname="com.crm.PRACTICE.DataProviderPractice2"/>
</testsuite> <!-- com.crm.PRACTICE.DataProviderPractice2 -->
