<?xml version="1.0" encoding="UTF-8"?>
<!-- Generated by org.testng.reporters.JUnitReportReporter -->
<testsuite skipped="0" hostname="LAPTOP-PTRHG6NR" name="com.crm.Contacts.AssignTwoTest" tests="1" failures="0" timestamp="22 Feb 2022 16:57:08 GMT" time="36.406" errors="0">
  <testcase name="assignTwo" time="36.406" classname="com.crm.Contacts.AssignTwoTest"/>
</testsuite> <!-- com.crm.Contacts.AssignTwoTest -->
