<?xml version="1.0" encoding="UTF-8"?>
<!-- Generated by org.testng.reporters.JUnitReportReporter -->
<testsuite skipped="0" hostname="LAPTOP-PTRHG6NR" name="com.crm.PRACTICE.DataProviderWithExcel" tests="8" failures="0" timestamp="28 Feb 2022 16:53:01 GMT" time="0.054" errors="0">
  <testcase name="data" time="0.003" classname="com.crm.PRACTICE.DataProviderWithExcel"/>
  <testcase name="data" time="0.003" classname="com.crm.PRACTICE.DataProviderWithExcel"/>
  <testcase name="data" time="0.005" classname="com.crm.PRACTICE.DataProviderWithExcel"/>
  <testcase name="data" time="0.008" classname="com.crm.PRACTICE.DataProviderWithExcel"/>
  <testcase name="data" time="0.007" classname="com.crm.PRACTICE.DataProviderWithExcel"/>
  <testcase name="data" time="0.004" classname="com.crm.PRACTICE.DataProviderWithExcel"/>
  <testcase name="data" time="0.002" classname="com.crm.PRACTICE.DataProviderWithExcel"/>
  <testcase name="data" time="0.022" classname="com.crm.PRACTICE.DataProviderWithExcel"/>
</testsuite> <!-- com.crm.PRACTICE.DataProviderWithExcel -->
