<?xml version="1.0" encoding="UTF-8"?>
<!-- Generated by org.testng.reporters.JUnitReportReporter -->
<testsuite skipped="0" hostname="LAPTOP-PTRHG6NR" name="com.crm.PRACTICE.BaseClassPractice" tests="1" failures="0" timestamp="01 Mar 2022 09:50:01 GMT" time="0.006" errors="0">
  <testcase name="actualTest" time="0.006" classname="com.crm.PRACTICE.BaseClassPractice"/>
</testsuite> <!-- com.crm.PRACTICE.BaseClassPractice -->
