<?xml version="1.0" encoding="UTF-8"?>
<!-- Generated by org.testng.reporters.JUnitReportReporter -->
<testsuite skipped="0" hostname="LAPTOP-PTRHG6NR" name="com.crm.Organisation.CreateOrgwithIndustryDropDownpom" tests="1" failures="0" timestamp="28 Feb 2022 04:54:25 GMT" time="29.725" errors="0">
  <testcase name="createOrgwithIndustryDropDownpom" time="29.725" classname="com.crm.Organisation.CreateOrgwithIndustryDropDownpom"/>
</testsuite> <!-- com.crm.Organisation.CreateOrgwithIndustryDropDownpom -->
