<?xml version="1.0" encoding="UTF-8"?>
<!-- Generated by org.testng.reporters.JUnitReportReporter -->
<testsuite skipped="0" hostname="LAPTOP-PTRHG6NR" name="com.crm.Opportunities.AssignonOpportunities" tests="1" failures="0" timestamp="23 Feb 2022 07:07:57 GMT" time="56.239" errors="0">
  <testcase name="assignonOppotunities" time="56.239" classname="com.crm.Opportunities.AssignonOpportunities"/>
</testsuite> <!-- com.crm.Opportunities.AssignonOpportunities -->
