<?xml version="1.0" encoding="UTF-8"?>
<!-- Generated by org.testng.reporters.JUnitReportReporter -->
<testsuite skipped="0" hostname="LAPTOP-PTRHG6NR" name="com.crm.PRACTICE.ReadDataFromCmdlineTest" tests="1" failures="0" timestamp="20 Feb 2022 07:46:57 GMT" time="0.020" errors="0">
  <testcase name="readReadDataFromCmdline" time="0.020" classname="com.crm.PRACTICE.ReadDataFromCmdlineTest"/>
</testsuite> <!-- com.crm.PRACTICE.ReadDataFromCmdlineTest -->
