<?xml version="1.0" encoding="UTF-8"?>
<!-- Generated by org.testng.reporters.JUnitReportReporter -->
<testsuite skipped="0" hostname="LAPTOP-PTRHG6NR" name="com.crm.Contacts.AssignThree" tests="1" failures="0" timestamp="19 Feb 2022 12:25:48 GMT" time="45.476" errors="0">
  <testcase name="assignThree" time="45.476" classname="com.crm.Contacts.AssignThree"/>
</testsuite> <!-- com.crm.Contacts.AssignThree -->
