<?xml version="1.0" encoding="UTF-8"?>
<!-- Generated by org.testng.reporters.JUnitReportReporter -->
<testsuite skipped="0" hostname="LAPTOP-PTRHG6NR" name="com.crm.Contacts.Assignonei" tests="1" failures="0" timestamp="22 Feb 2022 17:03:48 GMT" time="36.728" errors="0">
  <testcase name="assignonei" time="36.728" classname="com.crm.Contacts.Assignonei"/>
</testsuite> <!-- com.crm.Contacts.Assignonei -->
