<?xml version="1.0" encoding="UTF-8"?>
<!-- Generated by org.testng.reporters.JUnitReportReporter -->
<testsuite skipped="0" hostname="LAPTOP-PTRHG6NR" name="com.crm.PRACTICE.WriteDataIntoExcelSheetTest" tests="1" failures="0" timestamp="17 Feb 2022 11:15:56 GMT" time="1.147" errors="0">
  <testcase name="writeDataFromExcelSheetTest" time="1.147" classname="com.crm.PRACTICE.WriteDataIntoExcelSheetTest"/>
</testsuite> <!-- com.crm.PRACTICE.WriteDataIntoExcelSheetTest -->
