<?xml version="1.0" encoding="UTF-8"?>
<!-- Generated by org.testng.reporters.JUnitReportReporter -->
<testsuite skipped="0" hostname="LAPTOP-PTRHG6NR" name="com.crm.Organisation.CreateOrganizationwithPropertyfileTest" tests="1" failures="0" timestamp="17 Feb 2022 05:13:13 GMT" time="19.646" errors="0">
  <testcase name="createorgTest" time="19.646" classname="com.crm.Organisation.CreateOrganizationwithPropertyfileTest"/>
</testsuite> <!-- com.crm.Organisation.CreateOrganizationwithPropertyfileTest -->
