<?xml version="1.0" encoding="UTF-8"?>
<!-- Generated by org.testng.reporters.JUnitReportReporter -->
<testsuite skipped="0" hostname="LAPTOP-PTRHG6NR" name="com.crm.Contacts.AssignOneTest" tests="1" failures="0" timestamp="22 Feb 2022 14:10:54 GMT" time="42.164" errors="0">
  <testcase name="assignOne" time="42.164" classname="com.crm.Contacts.AssignOneTest"/>
</testsuite> <!-- com.crm.Contacts.AssignOneTest -->
