<?xml version="1.0" encoding="UTF-8"?>
<!-- Generated by org.testng.reporters.JUnitReportReporter -->
<testsuite skipped="0" hostname="LAPTOP-PTRHG6NR" name="calender.Selectanydatafromcalender" tests="1" failures="0" timestamp="09 Mar 2022 09:10:55 GMT" time="16.069" errors="0">
  <testcase name="selectdate" time="16.069" classname="calender.Selectanydatafromcalender"/>
</testsuite> <!-- calender.Selectanydatafromcalender -->
