<?xml version="1.0" encoding="UTF-8"?>
<!-- Generated by org.testng.reporters.JUnitReportReporter -->
<testsuite skipped="0" hostname="LAPTOP-PTRHG6NR" name="com.crm.Organisation.CreateOrganisation" tests="1" failures="0" timestamp="03 Mar 2022 11:01:59 GMT" time="35.399" errors="0">
  <testcase name="createOrganizationTest" time="35.399" classname="com.crm.Organisation.CreateOrganisation"/>
</testsuite> <!-- com.crm.Organisation.CreateOrganisation -->
