<?xml version="1.0" encoding="UTF-8"?>
<!-- Generated by org.testng.reporters.JUnitReportReporter -->
<testsuite skipped="0" hostname="LAPTOP-PTRHG6NR" name="com.crm.Organisation.CreateorgwithIndtypeTestng" tests="1" failures="0" timestamp="02 Mar 2022 07:21:21 GMT" time="26.484" errors="0">
  <testcase name="createOrgwithIndustryDropDownpomTestng" time="26.484" classname="com.crm.Organisation.CreateorgwithIndtypeTestng"/>
</testsuite> <!-- com.crm.Organisation.CreateorgwithIndtypeTestng -->
