<?xml version="1.0" encoding="UTF-8"?>
<!-- Generated by org.testng.reporters.JUnitReportReporter -->
<testsuite skipped="0" hostname="LAPTOP-PTRHG6NR" name="com.crm.Campaign.CreateCampaignwithProductNamepom" tests="1" failures="0" timestamp="03 Mar 2022 15:14:10 GMT" time="37.719" errors="0">
  <testcase name="createCampaignwithProductNamepom" time="37.719" classname="com.crm.Campaign.CreateCampaignwithProductNamepom"/>
</testsuite> <!-- com.crm.Campaign.CreateCampaignwithProductNamepom -->
