<?xml version="1.0" encoding="UTF-8"?>
<!-- Generated by org.testng.reporters.JUnitReportReporter -->
<testsuite skipped="0" hostname="LAPTOP-PTRHG6NR" name="com.crm.PRACTICE.ProprtyFilePractice" tests="1" failures="0" timestamp="17 Feb 2022 14:22:41 GMT" time="0.030" errors="0">
  <testcase name="propertyFile" time="0.030" classname="com.crm.PRACTICE.ProprtyFilePractice"/>
</testsuite> <!-- com.crm.PRACTICE.ProprtyFilePractice -->
