<?xml version="1.0" encoding="UTF-8"?>
<!-- Generated by org.testng.reporters.JUnitReportReporter -->
<testsuite skipped="0" hostname="LAPTOP-PTRHG6NR" name="com.crm.Contacts.CreateContactpom" tests="1" failures="0" timestamp="03 Mar 2022 12:06:01 GMT" time="44.497" errors="0">
  <testcase name="createcontact" time="44.497" classname="com.crm.Contacts.CreateContactpom"/>
</testsuite> <!-- com.crm.Contacts.CreateContactpom -->
