<?xml version="1.0" encoding="UTF-8"?>
<!-- Generated by org.testng.reporters.JUnitReportReporter -->
<testsuite skipped="0" hostname="LAPTOP-PTRHG6NR" name="com.crm.Contacts.CreateContactwithmultipledata" tests="7" failures="0" timestamp="01 Mar 2022 04:04:38 GMT" time="172.614" errors="0">
  <testcase name="createContactwithmultipledata" time="24.286" classname="com.crm.Contacts.CreateContactwithmultipledata"/>
  <testcase name="createContactwithmultipledata" time="25.807" classname="com.crm.Contacts.CreateContactwithmultipledata"/>
  <testcase name="createContactwithmultipledata" time="25.099" classname="com.crm.Contacts.CreateContactwithmultipledata"/>
  <testcase name="createContactwithmultipledata" time="24.363" classname="com.crm.Contacts.CreateContactwithmultipledata"/>
  <testcase name="createContactwithmultipledata" time="23.688" classname="com.crm.Contacts.CreateContactwithmultipledata"/>
  <testcase name="createContactwithmultipledata" time="24.830" classname="com.crm.Contacts.CreateContactwithmultipledata"/>
  <testcase name="createContactwithmultipledata" time="24.541" classname="com.crm.Contacts.CreateContactwithmultipledata"/>
</testsuite> <!-- com.crm.Contacts.CreateContactwithmultipledata -->
