<?xml version="1.0" encoding="UTF-8"?>
<!-- Generated by org.testng.reporters.JUnitReportReporter -->
<testsuite skipped="0" hostname="LAPTOP-PTRHG6NR" name="calender.Selectdategoibbo" tests="1" failures="0" timestamp="09 Mar 2022 11:40:06 GMT" time="15.764" errors="0">
  <testcase name="selectdate" time="15.764" classname="calender.Selectdategoibbo"/>
</testsuite> <!-- calender.Selectdategoibbo -->
