<?xml version="1.0" encoding="UTF-8"?>
<!-- Generated by org.testng.reporters.JUnitReportReporter -->
<testsuite skipped="0" hostname="LAPTOP-PTRHG6NR" name="calender.Selectanydategoibbo" tests="1" failures="0" timestamp="09 Mar 2022 12:01:39 GMT" time="13.046" errors="0">
  <testcase name="selectanymonth" time="13.046" classname="calender.Selectanydategoibbo"/>
</testsuite> <!-- calender.Selectanydategoibbo -->
