<?xml version="1.0" encoding="UTF-8"?>
<!-- Generated by org.testng.reporters.JUnitReportReporter -->
<testsuite skipped="0" hostname="LAPTOP-PTRHG6NR" name="com.crm.Dynamicwedelement.PrintlastNameinConsole" tests="1" failures="0" timestamp="09 Mar 2022 05:10:41 GMT" time="19.801" errors="0">
  <testcase name="printlastnameinsonsole" time="19.801" classname="com.crm.Dynamicwedelement.PrintlastNameinConsole"/>
</testsuite> <!-- com.crm.Dynamicwedelement.PrintlastNameinConsole -->
