<?xml version="1.0" encoding="UTF-8"?>
<!-- Generated by org.testng.reporters.JUnitReportReporter -->
<testsuite skipped="0" hostname="LAPTOP-PTRHG6NR" name="com.crm.PRACTICE.POMPracticeForLogin" tests="1" failures="0" timestamp="23 Feb 2022 11:16:05 GMT" time="22.962" errors="0">
  <testcase name="pompractice" time="22.962" classname="com.crm.PRACTICE.POMPracticeForLogin"/>
</testsuite> <!-- com.crm.PRACTICE.POMPracticeForLogin -->
