<?xml version="1.0" encoding="UTF-8"?>
<!-- Generated by org.testng.reporters.JUnitReportReporter -->
<testsuite skipped="0" hostname="LAPTOP-PTRHG6NR" name="com.crm.PRACTICE.SampleJDBCExecuteUpdate" tests="1" failures="0" timestamp="16 Feb 2022 18:07:27 GMT" time="0.514" errors="0">
  <testcase name="sampleJDBCExecuteUpdate" time="0.514" classname="com.crm.PRACTICE.SampleJDBCExecuteUpdate"/>
</testsuite> <!-- com.crm.PRACTICE.SampleJDBCExecuteUpdate -->
