<?xml version="1.0" encoding="UTF-8"?>
<!-- Generated by org.testng.reporters.JUnitReportReporter -->
<testsuite skipped="0" hostname="LAPTOP-PTRHG6NR" name="com.crm.Organisation.CreateorgTestTestng" tests="1" failures="0" timestamp="16 Mar 2022 12:10:24 GMT" time="10.360" errors="0">
  <testcase name="test" time="10.360" classname="com.crm.Organisation.CreateorgTestTestng"/>
</testsuite> <!-- com.crm.Organisation.CreateorgTestTestng -->
