<?xml version="1.0" encoding="UTF-8"?>
<!-- Generated by org.testng.reporters.JUnitReportReporter -->
<testsuite skipped="0" hostname="LAPTOP-PTRHG6NR" name="com.crm.PRACTICE.DataVerification" tests="1" failures="0" timestamp="16 Feb 2022 07:59:10 GMT" time="0.571" errors="0">
  <testcase name="dataVerify" time="0.571" classname="com.crm.PRACTICE.DataVerification"/>
</testsuite> <!-- com.crm.PRACTICE.DataVerification -->
